pdk(libs) defined as:
/home/moss/eda_tools_gf180_audiopwm/pdk/gf180mcuD/libs.ref//gf180mcu_fd_sc_mcu7t5v0/liberty/gf180mcu_fd_sc_mcu7t5v0__ff_n40C_5v50.lib
/home/moss/eda_tools_gf180_audiopwm/pdk/gf180mcuD/libs.ref//gf180mcu_fd_io/liberty/gf180mcu_fd_io__ff_n40C_5v50.lib
/home/moss/eda_tools_gf180_audiopwm/pdk/gf180mcuD/libs.ref//gf180mcu_fd_ip_sram/liberty/gf180mcu_fd_ip_sram__sram128x8m8wm1__ff_n40C_5v50.lib
/home/moss/eda_tools_gf180_audiopwm/pdk/gf180mcuD/libs.ref//gf180mcu_fd_ip_sram/liberty/gf180mcu_fd_ip_sram__sram256x8m8wm1__ff_n40C_5v50.lib
/home/moss/eda_tools_gf180_audiopwm/pdk/gf180mcuD/libs.ref//gf180mcu_fd_ip_sram/liberty/gf180mcu_fd_ip_sram__sram512x8m8wm1__ff_n40C_5v50.lib
/home/moss/eda_tools_gf180_audiopwm/pdk/gf180mcuD/libs.ref//gf180mcu_fd_ip_sram/liberty/gf180mcu_fd_ip_sram__sram64x8m8wm1__ff_n40C_5v50.lib
pdk(lefs) defined as:
/home/moss/eda_tools_gf180_audiopwm/pdk/gf180mcuD/libs.ref//gf180mcu_fd_sc_mcu7t5v0/techlef/gf180mcu_fd_sc_mcu7t5v0__nom.tlef
/home/moss/eda_tools_gf180_audiopwm/pdk/gf180mcuD/libs.ref//gf180mcu_fd_sc_mcu7t5v0/lef/gf180mcu_fd_sc_mcu7t5v0.lef
/home/moss/eda_tools_gf180_audiopwm/pdk/gf180mcuD/libs.ref//gf180mcu_fd_io/lef/gf180mcu_fd_io.lef
/home/moss/eda_tools_gf180_audiopwm/pdk/gf180mcuD/libs.ref//gf180mcu_fd_ip_sram/lef/gf180mcu_fd_ip_sram__sram128x8m8wm1.lef
/home/moss/eda_tools_gf180_audiopwm/pdk/gf180mcuD/libs.ref//gf180mcu_fd_ip_sram/lef/gf180mcu_fd_ip_sram__sram256x8m8wm1.lef
/home/moss/eda_tools_gf180_audiopwm/pdk/gf180mcuD/libs.ref//gf180mcu_fd_ip_sram/lef/gf180mcu_fd_ip_sram__sram512x8m8wm1.lef
/home/moss/eda_tools_gf180_audiopwm/pdk/gf180mcuD/libs.ref//gf180mcu_fd_ip_sram/lef/gf180mcu_fd_ip_sram__sram64x8m8wm1.lef
verilog exception: /home/moss/eda_tools_gf180_audiopwm/caravel_user_project/caravel/verilog/gl/__user_analog_project_wrapper.v
removing /home/moss/eda_tools_gf180_audiopwm/caravel_user_project/caravel/verilog/gl/__user_analog_project_wrapper.v from verilogs list
verilog exception: /home/moss/eda_tools_gf180_audiopwm/caravel_user_project/caravel/verilog/gl/caravel-signoff.v
removing /home/moss/eda_tools_gf180_audiopwm/caravel_user_project/caravel/verilog/gl/caravel-signoff.v from verilogs list
verilog exception: /home/moss/eda_tools_gf180_audiopwm/caravel_user_project/caravel/verilog/gl/caravan-signoff.v
removing /home/moss/eda_tools_gf180_audiopwm/caravel_user_project/caravel/verilog/gl/caravan-signoff.v from verilogs list
verilog exception: /home/moss/eda_tools_gf180_audiopwm/caravel_user_project/caravel/verilog/gl/__user_project_wrapper.v
removing /home/moss/eda_tools_gf180_audiopwm/caravel_user_project/caravel/verilog/gl/__user_project_wrapper.v from verilogs list
exec> read_liberty /home/moss/eda_tools_gf180_audiopwm/pdk/gf180mcuD/libs.ref//gf180mcu_fd_sc_mcu7t5v0/liberty/gf180mcu_fd_sc_mcu7t5v0__ff_n40C_5v50.lib
exec> read_liberty /home/moss/eda_tools_gf180_audiopwm/pdk/gf180mcuD/libs.ref//gf180mcu_fd_io/liberty/gf180mcu_fd_io__ff_n40C_5v50.lib
exec> read_liberty /home/moss/eda_tools_gf180_audiopwm/pdk/gf180mcuD/libs.ref//gf180mcu_fd_ip_sram/liberty/gf180mcu_fd_ip_sram__sram128x8m8wm1__ff_n40C_5v50.lib
exec> read_liberty /home/moss/eda_tools_gf180_audiopwm/pdk/gf180mcuD/libs.ref//gf180mcu_fd_ip_sram/liberty/gf180mcu_fd_ip_sram__sram256x8m8wm1__ff_n40C_5v50.lib
exec> read_liberty /home/moss/eda_tools_gf180_audiopwm/pdk/gf180mcuD/libs.ref//gf180mcu_fd_ip_sram/liberty/gf180mcu_fd_ip_sram__sram512x8m8wm1__ff_n40C_5v50.lib
exec> read_liberty /home/moss/eda_tools_gf180_audiopwm/pdk/gf180mcuD/libs.ref//gf180mcu_fd_ip_sram/liberty/gf180mcu_fd_ip_sram__sram64x8m8wm1__ff_n40C_5v50.lib
exec> read_verilog /home/moss/eda_tools_gf180_audiopwm/caravel_user_project/mgmt_core_wrapper/verilog/gl/gf180_ram_512x8_wrapper.v
exec> read_verilog /home/moss/eda_tools_gf180_audiopwm/caravel_user_project/mgmt_core_wrapper/verilog/gl/__user_project_wrapper.v
exec> read_verilog /home/moss/eda_tools_gf180_audiopwm/caravel_user_project/caravel/verilog/gl/gpio_defaults_block_007.v
exec> read_verilog /home/moss/eda_tools_gf180_audiopwm/caravel_user_project/caravel/verilog/gl/gpio_defaults_block_009.v
exec> read_verilog /home/moss/eda_tools_gf180_audiopwm/caravel_user_project/caravel/verilog/gl/mprj_io_buffer.v
exec> read_verilog /home/moss/eda_tools_gf180_audiopwm/caravel_user_project/caravel/verilog/gl/spare_logic_block.v
exec> read_verilog /home/moss/eda_tools_gf180_audiopwm/caravel_user_project/caravel/verilog/gl/gpio_defaults_block.v
exec> read_verilog /home/moss/eda_tools_gf180_audiopwm/caravel_user_project/caravel/verilog/gl/user_id_programming.v
exec> read_verilog /home/moss/eda_tools_gf180_audiopwm/caravel_user_project/caravel/verilog/gl/gpio_defaults_block_087.v
exec> read_verilog /home/moss/eda_tools_gf180_audiopwm/caravel_user_project/caravel/verilog/gl/housekeeping.v
exec> read_verilog /home/moss/eda_tools_gf180_audiopwm/caravel_user_project/caravel/verilog/gl/caravel_core.v
exec> read_verilog /home/moss/eda_tools_gf180_audiopwm/caravel_user_project/caravel/verilog/gl/caravel.v
exec> read_verilog /home/moss/eda_tools_gf180_audiopwm/caravel_user_project/caravel/verilog/gl/chip_io.v
exec> read_verilog /home/moss/eda_tools_gf180_audiopwm/caravel_user_project/verilog/gl/PWMaudio.v
exec> read_verilog /home/moss/eda_tools_gf180_audiopwm/caravel_user_project/verilog/gl/user_project_wrapper.nl.v
exec> read_verilog /home/moss/eda_tools_gf180_audiopwm/caravel_user_project/verilog/gl/PWMaudio.nl.v
exec> read_verilog /home/moss/eda_tools_gf180_audiopwm/caravel_user_project/verilog/gl/user_project_wrapper.v
exec> read_verilog /home/moss/eda_tools_gf180_audiopwm/caravel_user_project/verilog/gl/user_proj_example.v
exec> link_design caravel
Warning: /home/moss/eda_tools_gf180_audiopwm/caravel_user_project/caravel/verilog/gl/caravel_core.v line 201536, module simple_por not found. Creating black box for por_inst.
Warning: /home/moss/eda_tools_gf180_audiopwm/caravel_user_project/verilog/gl/user_project_wrapper.v line 43, instance pwmaudio port vdd not found.
Warning: /home/moss/eda_tools_gf180_audiopwm/caravel_user_project/verilog/gl/user_project_wrapper.v line 43, instance pwmaudio port vss not found.
/home/moss/eda_tools_gf180_audiopwm/caravel_user_project/caravel/signoff/caravel/openlane-signoff/spef/caravel.nom.spef not found
WARNING ALLOW_MISSING_SPEF set to 1. continuing
/home/moss/eda_tools_gf180_audiopwm/caravel_user_project/caravel/signoff/gpio_defaults_block/openlane-signoff/spef/gpio_defaults_block.nom.spef not found
WARNING ALLOW_MISSING_SPEF set to 1. continuing
/home/moss/eda_tools_gf180_audiopwm/caravel_user_project/caravel/signoff/gpio_defaults_block/openlane-signoff/spef/gpio_defaults_block.nom.spef not found
WARNING ALLOW_MISSING_SPEF set to 1. continuing
/home/moss/eda_tools_gf180_audiopwm/caravel_user_project/caravel/signoff/gpio_defaults_block/openlane-signoff/spef/gpio_defaults_block.nom.spef not found
WARNING ALLOW_MISSING_SPEF set to 1. continuing
/home/moss/eda_tools_gf180_audiopwm/caravel_user_project/caravel/signoff/gpio_defaults_block/openlane-signoff/spef/gpio_defaults_block.nom.spef not found
WARNING ALLOW_MISSING_SPEF set to 1. continuing
/home/moss/eda_tools_gf180_audiopwm/caravel_user_project/caravel/signoff/gpio_defaults_block/openlane-signoff/spef/gpio_defaults_block.nom.spef not found
WARNING ALLOW_MISSING_SPEF set to 1. continuing
exec> read_spef -path chip_core /home/moss/eda_tools_gf180_audiopwm/caravel_user_project/caravel/signoff/caravel_core/openlane-signoff/spef/caravel_core.nom.spef
/home/moss/eda_tools_gf180_audiopwm/caravel_user_project/caravel/signoff/user_id_programming/openlane-signoff/spef/user_id_programming.nom.spef not found
WARNING ALLOW_MISSING_SPEF set to 1. continuing
/home/moss/eda_tools_gf180_audiopwm/caravel_user_project/caravel/signoff/spare_logic_block/openlane-signoff/spef/spare_logic_block.nom.spef not found
WARNING ALLOW_MISSING_SPEF set to 1. continuing
/home/moss/eda_tools_gf180_audiopwm/caravel_user_project/caravel/signoff/not-found/simple_por.nom.spef not found
WARNING ALLOW_MISSING_SPEF set to 1. continuing
/home/moss/eda_tools_gf180_audiopwm/caravel_user_project/caravel/signoff/spare_logic_block/openlane-signoff/spef/spare_logic_block.nom.spef not found
WARNING ALLOW_MISSING_SPEF set to 1. continuing
/home/moss/eda_tools_gf180_audiopwm/caravel_user_project/caravel/signoff/spare_logic_block/openlane-signoff/spef/spare_logic_block.nom.spef not found
WARNING ALLOW_MISSING_SPEF set to 1. continuing
exec> read_spef -path chip_core/gpio_buf /home/moss/eda_tools_gf180_audiopwm/caravel_user_project/caravel/signoff/mprj_io_buffer/openlane-signoff/spef/mprj_io_buffer.nom.spef
exec> read_spef -path chip_core/mprj/pwmaudio /home/moss/eda_tools_gf180_audiopwm/caravel_user_project/signoff/PWMaudio/openlane-signoff/spef/PWMaudio.nom.spef
/home/moss/eda_tools_gf180_audiopwm/caravel_user_project/caravel/signoff/gpio_defaults_block/openlane-signoff/spef/gpio_defaults_block.nom.spef not found
WARNING ALLOW_MISSING_SPEF set to 1. continuing
exec> read_spef -path chip_core/housekeeping /home/moss/eda_tools_gf180_audiopwm/caravel_user_project/caravel/signoff/housekeeping/openlane-signoff/spef/housekeeping.nom.spef
/home/moss/eda_tools_gf180_audiopwm/caravel_user_project/caravel/signoff/gpio_defaults_block/openlane-signoff/spef/gpio_defaults_block.nom.spef not found
WARNING ALLOW_MISSING_SPEF set to 1. continuing
/home/moss/eda_tools_gf180_audiopwm/caravel_user_project/caravel/signoff/gpio_defaults_block/openlane-signoff/spef/gpio_defaults_block.nom.spef not found
WARNING ALLOW_MISSING_SPEF set to 1. continuing
/home/moss/eda_tools_gf180_audiopwm/caravel_user_project/caravel/signoff/gpio_defaults_block/openlane-signoff/spef/gpio_defaults_block.nom.spef not found
WARNING ALLOW_MISSING_SPEF set to 1. continuing
/home/moss/eda_tools_gf180_audiopwm/caravel_user_project/caravel/signoff/gpio_defaults_block/openlane-signoff/spef/gpio_defaults_block.nom.spef not found
WARNING ALLOW_MISSING_SPEF set to 1. continuing
/home/moss/eda_tools_gf180_audiopwm/caravel_user_project/caravel/signoff/spare_logic_block/openlane-signoff/spef/spare_logic_block.nom.spef not found
WARNING ALLOW_MISSING_SPEF set to 1. continuing
/home/moss/eda_tools_gf180_audiopwm/caravel_user_project/caravel/signoff/gpio_defaults_block/openlane-signoff/spef/gpio_defaults_block.nom.spef not found
WARNING ALLOW_MISSING_SPEF set to 1. continuing
/home/moss/eda_tools_gf180_audiopwm/caravel_user_project/caravel/signoff/gpio_defaults_block/openlane-signoff/spef/gpio_defaults_block.nom.spef not found
WARNING ALLOW_MISSING_SPEF set to 1. continuing
/home/moss/eda_tools_gf180_audiopwm/caravel_user_project/caravel/signoff/gpio_defaults_block/openlane-signoff/spef/gpio_defaults_block.nom.spef not found
WARNING ALLOW_MISSING_SPEF set to 1. continuing
/home/moss/eda_tools_gf180_audiopwm/caravel_user_project/caravel/signoff/gpio_defaults_block/openlane-signoff/spef/gpio_defaults_block.nom.spef not found
WARNING ALLOW_MISSING_SPEF set to 1. continuing
/home/moss/eda_tools_gf180_audiopwm/caravel_user_project/caravel/signoff/gpio_defaults_block/openlane-signoff/spef/gpio_defaults_block.nom.spef not found
WARNING ALLOW_MISSING_SPEF set to 1. continuing
/home/moss/eda_tools_gf180_audiopwm/caravel_user_project/caravel/signoff/gpio_defaults_block/openlane-signoff/spef/gpio_defaults_block.nom.spef not found
WARNING ALLOW_MISSING_SPEF set to 1. continuing
/home/moss/eda_tools_gf180_audiopwm/caravel_user_project/caravel/signoff/gpio_defaults_block/openlane-signoff/spef/gpio_defaults_block.nom.spef not found
WARNING ALLOW_MISSING_SPEF set to 1. continuing
/home/moss/eda_tools_gf180_audiopwm/caravel_user_project/caravel/signoff/gpio_defaults_block/openlane-signoff/spef/gpio_defaults_block.nom.spef not found
WARNING ALLOW_MISSING_SPEF set to 1. continuing
/home/moss/eda_tools_gf180_audiopwm/caravel_user_project/caravel/signoff/gpio_defaults_block/openlane-signoff/spef/gpio_defaults_block.nom.spef not found
WARNING ALLOW_MISSING_SPEF set to 1. continuing
/home/moss/eda_tools_gf180_audiopwm/caravel_user_project/caravel/signoff/gpio_defaults_block/openlane-signoff/spef/gpio_defaults_block.nom.spef not found
WARNING ALLOW_MISSING_SPEF set to 1. continuing
/home/moss/eda_tools_gf180_audiopwm/caravel_user_project/caravel/signoff/gpio_defaults_block/openlane-signoff/spef/gpio_defaults_block.nom.spef not found
WARNING ALLOW_MISSING_SPEF set to 1. continuing
/home/moss/eda_tools_gf180_audiopwm/caravel_user_project/caravel/signoff/gpio_defaults_block/openlane-signoff/spef/gpio_defaults_block.nom.spef not found
WARNING ALLOW_MISSING_SPEF set to 1. continuing
/home/moss/eda_tools_gf180_audiopwm/caravel_user_project/caravel/signoff/gpio_defaults_block/openlane-signoff/spef/gpio_defaults_block.nom.spef not found
WARNING ALLOW_MISSING_SPEF set to 1. continuing
/home/moss/eda_tools_gf180_audiopwm/caravel_user_project/caravel/signoff/gpio_defaults_block/openlane-signoff/spef/gpio_defaults_block.nom.spef not found
WARNING ALLOW_MISSING_SPEF set to 1. continuing
/home/moss/eda_tools_gf180_audiopwm/caravel_user_project/caravel/signoff/gpio_defaults_block/openlane-signoff/spef/gpio_defaults_block.nom.spef not found
WARNING ALLOW_MISSING_SPEF set to 1. continuing
/home/moss/eda_tools_gf180_audiopwm/caravel_user_project/caravel/signoff/gpio_defaults_block/openlane-signoff/spef/gpio_defaults_block.nom.spef not found
WARNING ALLOW_MISSING_SPEF set to 1. continuing
exec> read_spef -path chip_core/mprj /home/moss/eda_tools_gf180_audiopwm/caravel_user_project/signoff/user_project_wrapper/openlane-signoff/spef/user_project_wrapper.nom.spef
/home/moss/eda_tools_gf180_audiopwm/caravel_user_project/caravel/signoff/gpio_defaults_block/openlane-signoff/spef/gpio_defaults_block.nom.spef not found
WARNING ALLOW_MISSING_SPEF set to 1. continuing
/home/moss/eda_tools_gf180_audiopwm/caravel_user_project/caravel/signoff/gpio_defaults_block/openlane-signoff/spef/gpio_defaults_block.nom.spef not found
WARNING ALLOW_MISSING_SPEF set to 1. continuing
/home/moss/eda_tools_gf180_audiopwm/caravel_user_project/caravel/signoff/gpio_defaults_block/openlane-signoff/spef/gpio_defaults_block.nom.spef not found
WARNING ALLOW_MISSING_SPEF set to 1. continuing
/home/moss/eda_tools_gf180_audiopwm/caravel_user_project/caravel/signoff/chip_io/openlane-signoff/spef/chip_io.nom.spef not found
WARNING ALLOW_MISSING_SPEF set to 1. continuing
/home/moss/eda_tools_gf180_audiopwm/caravel_user_project/caravel/signoff/gpio_defaults_block/openlane-signoff/spef/gpio_defaults_block.nom.spef not found
WARNING ALLOW_MISSING_SPEF set to 1. continuing
/home/moss/eda_tools_gf180_audiopwm/caravel_user_project/caravel/signoff/gpio_defaults_block/openlane-signoff/spef/gpio_defaults_block.nom.spef not found
WARNING ALLOW_MISSING_SPEF set to 1. continuing
/home/moss/eda_tools_gf180_audiopwm/caravel_user_project/caravel/signoff/gpio_defaults_block/openlane-signoff/spef/gpio_defaults_block.nom.spef not found
WARNING ALLOW_MISSING_SPEF set to 1. continuing
/home/moss/eda_tools_gf180_audiopwm/caravel_user_project/caravel/signoff/gpio_defaults_block/openlane-signoff/spef/gpio_defaults_block.nom.spef not found
WARNING ALLOW_MISSING_SPEF set to 1. continuing
/home/moss/eda_tools_gf180_audiopwm/caravel_user_project/caravel/signoff/gpio_defaults_block/openlane-signoff/spef/gpio_defaults_block.nom.spef not found
WARNING ALLOW_MISSING_SPEF set to 1. continuing
/home/moss/eda_tools_gf180_audiopwm/caravel_user_project/caravel/signoff/gpio_defaults_block/openlane-signoff/spef/gpio_defaults_block.nom.spef not found
WARNING ALLOW_MISSING_SPEF set to 1. continuing
/home/moss/eda_tools_gf180_audiopwm/caravel_user_project/caravel/signoff/gpio_defaults_block/openlane-signoff/spef/gpio_defaults_block.nom.spef not found
WARNING ALLOW_MISSING_SPEF set to 1. continuing
/home/moss/eda_tools_gf180_audiopwm/caravel_user_project/caravel/signoff/gpio_defaults_block/openlane-signoff/spef/gpio_defaults_block.nom.spef not found
WARNING ALLOW_MISSING_SPEF set to 1. continuing
/home/moss/eda_tools_gf180_audiopwm/caravel_user_project/caravel/signoff/gpio_defaults_block/openlane-signoff/spef/gpio_defaults_block.nom.spef not found
WARNING ALLOW_MISSING_SPEF set to 1. continuing
exec> read_sdc -echo /home/moss/eda_tools_gf180_audiopwm/caravel_user_project/caravel/signoff/caravel/caravel.sdc
### gf180 Caravel Signoff SDC
### Rev 3
### Date: 9/10/2023
# IO 4 mode is either SCK or GPIO (hkspi)
set io_4_mode SCK
puts "\[INFO\]: IO[4] is set as: $io_4_mode"
[INFO]: IO[4] is set as: SCK
# IOs mode is either OUT or IN (GPIOs)
set ios_mode OUT
puts "\[INFO\]: GPIOs mode is set as: $ios_mode"
[INFO]: GPIOs mode is set as: OUT
# IO ports to user's project wrapper are assumed to be asynchronous. If they're synchronous to the clock, update the variable IO_SYNC to 1
set ::env(IO_SYNC) 0
# Multicycle paths of user project wrapper
set_multicycle_path -setup 2 -through [get_pins {chip_core/mprj/wbs_ack_o}]
set_multicycle_path -hold 1  -through [get_pins {chip_core/mprj/wbs_ack_o}]
set_multicycle_path -setup 2 -through [get_pins {chip_core/mprj/wbs_cyc_i}]
set_multicycle_path -hold 1  -through [get_pins {chip_core/mprj/wbs_cyc_i}]
set_multicycle_path -setup 2 -through [get_pins {chip_core/mprj/wbs_stb_i}]
set_multicycle_path -hold 1  -through [get_pins {chip_core/mprj/wbs_stb_i}]
## MASTER CLOCKS
set clk_period 30
create_clock -name clk -period $clk_period [get_ports {clock}] 
puts "\[INFO\]: System clock period: $clk_period"
[INFO]: System clock period: 30
create_clock -name hk_serial_clk -period 60 [get_pins {chip_core/housekeeping/serial_clock}]
create_clock -name hk_serial_load -period 1000 [get_pins {chip_core/housekeeping/serial_load}]
set_clock_uncertainty 0.1000 [get_clocks {clk hk_serial_clk hk_serial_load}]
set_propagated_clock [get_clocks {clk hk_serial_clk hk_serial_load}]
set min_clk_tran 2
set max_clk_tran 3.5
puts "\[INFO\]: Clock transition range: $min_clk_tran : $max_clk_tran"
[INFO]: Clock transition range: 2 : 3.5
# Add clock transition
set_input_transition -min $min_clk_tran [get_ports {clock}] 
set_input_transition -max $max_clk_tran [get_ports {clock}] 
if {$io_4_mode == "SCK"} {
   create_clock -name hkspi_clk -period 120 [get_ports {mprj_io[4]} ] 
   # Add clock transition
   set_input_transition -min $min_clk_tran [get_ports {mprj_io[4]}] 
   set_input_transition -max $max_clk_tran [get_ports {mprj_io[4]}] 
   set_clock_uncertainty 0.1000 [get_clocks {hkspi_clk}]
   set_propagated_clock [get_clocks {hkspi_clk}]
   set_clock_groups \
   -name clock_group \
   -logically_exclusive \
   -group [get_clocks {clk}]\
   -group [get_clocks {hk_serial_clk}]\
   -group [get_clocks {hk_serial_load}]\
   -group [get_clocks {hkspi_clk}]
} elseif {$io_4_mode == "GPIO"} {
   set_clock_groups \
   -name clock_group \
   -logically_exclusive \
   -group [get_clocks {clk}]\
   -group [get_clocks {hk_serial_clk}]\
   -group [get_clocks {hk_serial_load}]\
} 
# hk_serial_clk period is x2 core clock
# clock <-> hk_serial_clk/load no paths
# future note: CDC stuff
# clock <-> hkspi_clk no paths with careful methods (clock is off)
# Set system monitoring mux select to zero so that the clock/user_clk monitoring is disabled 
set_case_analysis 0 [get_pins chip_core/housekeeping/_4066_/S]
set_case_analysis 0 [get_pins chip_core/housekeeping/_4067_/S]
set input_delay_value 4
set output_delay_value 4
puts "\[INFO\]: Setting input delay to: $input_delay_value"
[INFO]: Setting input delay to: 4
puts "\[INFO\]: Setting output delay to: $output_delay_value"
[INFO]: Setting output delay to: 4
set min_in_tran 1
set max_in_tran 3.5
puts "\[INFO\]: Input transition range: $min_in_tran : $max_in_tran"
[INFO]: Input transition range: 1 : 3.5
# 10 too high --> 4:7
set min_cap 4
set max_cap 7
puts "\[INFO\]: Cap load range: $min_cap : $max_cap"
[INFO]: Cap load range: 4 : 7
if {$ios_mode == "IN"} {
   # Add case analysis for pads IE==1'b1 & OE==1'b0 to be inputs
   set_case_analysis 1 [get_pins padframe/mprj_pads[*]/IE]
   set_case_analysis 0 [get_pins padframe/mprj_pads[*]/OE]
   # Add input transition
   set_input_transition -min $min_in_tran [get_ports {mprj_io[*]}] 
   set_input_transition -max $max_in_tran [get_ports {mprj_io[*]}] 
   ## INPUT DELAYS
   set_input_delay $input_delay_value  -clock [get_clocks {clk}] [get_ports {mprj_io[*]}]
   set_input_delay 0  -clock [get_clocks {clk}] [get_ports {mprj_io[1]}]
   set_input_delay 0  -clock [get_clocks {clk}] [get_ports {mprj_io[2]}]
   set_input_delay 0  -clock [get_clocks {clk}] [get_ports {mprj_io[3]}]
   set_input_delay 0  -clock [get_clocks {clk}] [get_ports {mprj_io[4]}]
   set_false_path -from [get_ports mprj_io[*]] -through [get_pins chip_core/housekeeping/mgmt_gpio_out[*]]
   set_false_path -from [get_ports mprj_io[*]] -through [get_pins chip_core/housekeeping/mgmt_gpio_oeb[*]]
   if {$io_4_mode == "SCK"} {
      # SDO output
      set_case_analysis 0 [get_pins padframe/mprj_pads[1]/IE]
      set_case_analysis 1 [get_pins padframe/mprj_pads[1]/OE]
      set_output_delay $output_delay_value  -clock [get_clocks {hkspi_clk}] [get_ports {mprj_io[1]}]
      set_load -min $min_cap [get_ports {mprj_io[1]}] 
      set_load -max $max_cap [get_ports {mprj_io[1]}]  
      set_input_delay $input_delay_value  -clock [get_clocks {hkspi_clk}] [get_ports {mprj_io[2]}]
      set_input_delay $input_delay_value  -clock [get_clocks {hkspi_clk}] [get_ports {mprj_io[3]}]
      
      if { $::env(IO_SYNC) } {
         set_false_path -from [get_ports mprj_io[0]] -through [get_pins chip_core/housekeeping/mgmt_gpio_in[0]]
         set_false_path -from [get_ports mprj_io[1]] -through [get_pins chip_core/housekeeping/mgmt_gpio_in[1]]
         set_false_path -from [get_ports mprj_io[5]] -through [get_pins chip_core/housekeeping/mgmt_gpio_in[5]]
         set_false_path -from [get_ports mprj_io[6]] -through [get_pins chip_core/housekeeping/mgmt_gpio_in[6]]
         set_false_path -from [get_ports mprj_io[7]] -through [get_pins chip_core/housekeeping/mgmt_gpio_in[7]]
         set_false_path -from [get_ports mprj_io[8]] -through [get_pins chip_core/housekeeping/mgmt_gpio_in[8]]
         set_false_path -from [get_ports mprj_io[9]] -through [get_pins chip_core/housekeeping/mgmt_gpio_in[9]]
         set_false_path -from [get_ports mprj_io[10]] -through [get_pins chip_core/housekeeping/mgmt_gpio_in[10]]
         set_false_path -from [get_ports mprj_io[11]] -through [get_pins chip_core/housekeeping/mgmt_gpio_in[11]]
         set_false_path -from [get_ports mprj_io[12]] -through [get_pins chip_core/housekeeping/mgmt_gpio_in[12]]
         set_false_path -from [get_ports mprj_io[13]] -through [get_pins chip_core/housekeeping/mgmt_gpio_in[13]]
         set_false_path -from [get_ports mprj_io[14]] -through [get_pins chip_core/housekeeping/mgmt_gpio_in[14]]
         set_false_path -from [get_ports mprj_io[15]] -through [get_pins chip_core/housekeeping/mgmt_gpio_in[15]]
         set_false_path -from [get_ports mprj_io[16]] -through [get_pins chip_core/housekeeping/mgmt_gpio_in[16]]
         set_false_path -from [get_ports mprj_io[17]] -through [get_pins chip_core/housekeeping/mgmt_gpio_in[17]]
         set_false_path -from [get_ports mprj_io[18]] -through [get_pins chip_core/housekeeping/mgmt_gpio_in[18]]
         set_false_path -from [get_ports mprj_io[19]] -through [get_pins chip_core/housekeeping/mgmt_gpio_in[19]]
         set_false_path -from [get_ports mprj_io[20]] -through [get_pins chip_core/housekeeping/mgmt_gpio_in[20]]
         set_false_path -from [get_ports mprj_io[21]] -through [get_pins chip_core/housekeeping/mgmt_gpio_in[21]]
         set_false_path -from [get_ports mprj_io[22]] -through [get_pins chip_core/housekeeping/mgmt_gpio_in[22]]
         set_false_path -from [get_ports mprj_io[23]] -through [get_pins chip_core/housekeeping/mgmt_gpio_in[23]]
         set_false_path -from [get_ports mprj_io[24]] -through [get_pins chip_core/housekeeping/mgmt_gpio_in[24]]
         set_false_path -from [get_ports mprj_io[25]] -through [get_pins chip_core/housekeeping/mgmt_gpio_in[25]]
         set_false_path -from [get_ports mprj_io[26]] -through [get_pins chip_core/housekeeping/mgmt_gpio_in[26]]
         set_false_path -from [get_ports mprj_io[27]] -through [get_pins chip_core/housekeeping/mgmt_gpio_in[27]]
         set_false_path -from [get_ports mprj_io[28]] -through [get_pins chip_core/housekeeping/mgmt_gpio_in[28]]
         set_false_path -from [get_ports mprj_io[29]] -through [get_pins chip_core/housekeeping/mgmt_gpio_in[29]]
         set_false_path -from [get_ports mprj_io[30]] -through [get_pins chip_core/housekeeping/mgmt_gpio_in[30]]
         set_false_path -from [get_ports mprj_io[31]] -through [get_pins chip_core/housekeeping/mgmt_gpio_in[31]]
         set_false_path -from [get_ports mprj_io[32]] -through [get_pins chip_core/housekeeping/mgmt_gpio_in[32]]
         set_false_path -from [get_ports mprj_io[33]] -through [get_pins chip_core/housekeeping/mgmt_gpio_in[33]]
         set_false_path -from [get_ports mprj_io[34]] -through [get_pins chip_core/housekeeping/mgmt_gpio_in[34]]
         set_false_path -from [get_ports mprj_io[35]] -through [get_pins chip_core/housekeeping/mgmt_gpio_in[35]]
         set_false_path -from [get_ports mprj_io[36]] -through [get_pins chip_core/housekeeping/mgmt_gpio_in[36]]
         set_false_path -from [get_ports mprj_io[37]] -through [get_pins chip_core/housekeeping/mgmt_gpio_in[37]]
      } else {
         set_false_path -from [get_ports mprj_io[0]]
         set_false_path -from [get_ports mprj_io[1]]
         set_false_path -from [get_ports mprj_io[5]]
         set_false_path -from [get_ports mprj_io[6]]
         set_false_path -from [get_ports mprj_io[7]]
         set_false_path -from [get_ports mprj_io[8]]
         set_false_path -from [get_ports mprj_io[9]]
         set_false_path -from [get_ports mprj_io[10]]
         set_false_path -from [get_ports mprj_io[11]]
         set_false_path -from [get_ports mprj_io[12]]
         set_false_path -from [get_ports mprj_io[13]]
         set_false_path -from [get_ports mprj_io[14]]
         set_false_path -from [get_ports mprj_io[15]]
         set_false_path -from [get_ports mprj_io[16]]
         set_false_path -from [get_ports mprj_io[17]]
         set_false_path -from [get_ports mprj_io[18]]
         set_false_path -from [get_ports mprj_io[19]]
         set_false_path -from [get_ports mprj_io[20]]
         set_false_path -from [get_ports mprj_io[21]]
         set_false_path -from [get_ports mprj_io[22]]
         set_false_path -from [get_ports mprj_io[23]]
         set_false_path -from [get_ports mprj_io[24]]
         set_false_path -from [get_ports mprj_io[25]]
         set_false_path -from [get_ports mprj_io[26]]
         set_false_path -from [get_ports mprj_io[27]]
         set_false_path -from [get_ports mprj_io[28]]
         set_false_path -from [get_ports mprj_io[29]]
         set_false_path -from [get_ports mprj_io[30]]
         set_false_path -from [get_ports mprj_io[31]]
         set_false_path -from [get_ports mprj_io[32]]
         set_false_path -from [get_ports mprj_io[33]]
         set_false_path -from [get_ports mprj_io[34]]
         set_false_path -from [get_ports mprj_io[35]]
         set_false_path -from [get_ports mprj_io[36]]
         set_false_path -from [get_ports mprj_io[37]]
      }  
   } elseif {$io_4_mode == "GPIO"} {
      set_input_delay $input_delay_value  -clock [get_clocks {clk}] [get_ports {mprj_io[1]}]
      set_input_delay $input_delay_value  -clock [get_clocks {clk}] [get_ports {mprj_io[2]}]
      set_input_delay $input_delay_value  -clock [get_clocks {clk}] [get_ports {mprj_io[3]}]
      set_input_delay $input_delay_value  -clock [get_clocks {clk}] [get_ports {mprj_io[4]}]
      
      if { $::env(IO_SYNC) } {
         set_false_path -from [get_ports mprj_io[*]] -through [get_pins chip_core/housekeeping/mgmt_gpio_out[*]]
         set_false_path -from [get_ports mprj_io[*]] -through [get_pins chip_core/housekeeping/mgmt_gpio_oeb[*]]
         set_false_path -from [get_ports mprj_io[*]] -through [get_pins chip_core/housekeeping/mgmt_gpio_in[*]]
      } else {
         set_false_path -from [get_ports mprj_io[*]] 
      }      
   }
} elseif {$ios_mode == "OUT"} {
   # Add case analysis for pads IE==1'b0 & OE==1'b1 to be outputs
   set_case_analysis 0 [get_pins padframe/mprj_pads[*]/IE]
   set_case_analysis 1 [get_pins padframe/mprj_pads[*]/OE]
   # add loads for output ports (pads)
   set_load -min $min_cap [get_ports {mprj_io[*]}] 
   set_load -max $max_cap [get_ports {mprj_io[*]}]  
   ## OUTPUT DELAYS
   set_output_delay $output_delay_value  -clock [get_clocks {clk}] [get_ports {mprj_io[*]}]
   set_output_delay 0  -clock [get_clocks {clk}] [get_ports {mprj_io[1]}]
   set_output_delay 0  -clock [get_clocks {clk}] [get_ports {mprj_io[2]}]
   set_output_delay 0  -clock [get_clocks {clk}] [get_ports {mprj_io[3]}]
   set_output_delay 0  -clock [get_clocks {clk}] [get_ports {mprj_io[4]}]
   
   if {$io_4_mode == "SCK"} {
      # SCK, CSB, SDI are inputs
      set_case_analysis 1 [get_pins padframe/mprj_pads[2]/IE]
      set_case_analysis 0 [get_pins padframe/mprj_pads[2]/OE]
      set_case_analysis 1 [get_pins padframe/mprj_pads[3]/IE]
      set_case_analysis 0 [get_pins padframe/mprj_pads[3]/OE]
      set_case_analysis 1 [get_pins padframe/mprj_pads[4]/IE]
      set_case_analysis 0 [get_pins padframe/mprj_pads[4]/OE]
      set_output_delay $output_delay_value -clock [get_clocks {hkspi_clk}] [get_ports {mprj_io[1]}]
      set_input_delay $input_delay_value   -clock [get_clocks {hkspi_clk}] [get_ports {mprj_io[2]}]
      set_input_delay $input_delay_value   -clock [get_clocks {hkspi_clk}] [get_ports {mprj_io[3]}]
      set_input_transition -min $min_in_tran [get_ports {mprj_io[2] mprj_io[2]}] 
      set_input_transition -max $max_in_tran [get_ports {mprj_io[3] mprj_io[3]}] 
      
      if { !($::env(IO_SYNC)) } {
         set_false_path -to [get_ports mprj_io[0]]
         set_false_path -to [get_ports mprj_io[5]]
         set_false_path -to [get_ports mprj_io[6]]
         set_false_path -to [get_ports mprj_io[7]]
         set_false_path -to [get_ports mprj_io[8]]
         set_false_path -to [get_ports mprj_io[9]]
         set_false_path -to [get_ports mprj_io[10]]
         set_false_path -to [get_ports mprj_io[11]]
         set_false_path -to [get_ports mprj_io[12]]
         set_false_path -to [get_ports mprj_io[13]]
         set_false_path -to [get_ports mprj_io[14]]
         set_false_path -to [get_ports mprj_io[15]]
         set_false_path -to [get_ports mprj_io[16]]
         set_false_path -to [get_ports mprj_io[17]]
         set_false_path -to [get_ports mprj_io[18]]
         set_false_path -to [get_ports mprj_io[19]]
         set_false_path -to [get_ports mprj_io[20]]
         set_false_path -to [get_ports mprj_io[21]]
         set_false_path -to [get_ports mprj_io[22]]
         set_false_path -to [get_ports mprj_io[23]]
         set_false_path -to [get_ports mprj_io[24]]
         set_false_path -to [get_ports mprj_io[25]]
         set_false_path -to [get_ports mprj_io[26]]
         set_false_path -to [get_ports mprj_io[27]]
         set_false_path -to [get_ports mprj_io[28]]
         set_false_path -to [get_ports mprj_io[29]]
         set_false_path -to [get_ports mprj_io[30]]
         set_false_path -to [get_ports mprj_io[31]]
         set_false_path -to [get_ports mprj_io[32]]
         set_false_path -to [get_ports mprj_io[33]]
         set_false_path -to [get_ports mprj_io[34]]
         set_false_path -to [get_ports mprj_io[35]]
         set_false_path -to [get_ports mprj_io[36]]
         set_false_path -to [get_ports mprj_io[37]]
      } 
   } elseif {$io_4_mode == "GPIO"} {
      set_output_delay $output_delay_value  -clock [get_clocks {clk}] [get_ports {mprj_io[1]}]
      set_output_delay $output_delay_value  -clock [get_clocks {clk}] [get_ports {mprj_io[2]}]
      set_output_delay $output_delay_value  -clock [get_clocks {clk}] [get_ports {mprj_io[3]}]
      set_output_delay $output_delay_value  -clock [get_clocks {clk}] [get_ports {mprj_io[4]}]   
      if { !($::env(IO_SYNC)) } {
         set_false_path -to [get_ports mprj_io[*]] 
      }    
   }
}
# flash_* are output except for io1
set_case_analysis 0 [get_pins padframe/flash_*/IE]
set_case_analysis 1 [get_pins padframe/flash_*/OE]
set_case_analysis 1 [get_pins padframe/flash_io1_pad/IE]
set_case_analysis 0 [get_pins padframe/flash_io1_pad/OE]
#flash interface input transition from the datasheet
set flash_min_tran 4
set flash_max_tran 6
puts "\[INFO\]: Flash interface transition range: $flash_min_tran : $flash_max_tran"
[INFO]: Flash interface transition range: 4 : 6
set_input_transition -min $flash_min_tran [get_ports {flash_io1}] 
set_input_transition -max $flash_max_tran [get_ports {flash_io1}] 
set flash_min_cap 6
set flash_max_cap 8
puts "\[INFO\]: Flash interface cap load range: $flash_min_cap : $flash_max_cap"
[INFO]: Flash interface cap load range: 6 : 8
set_load -min $min_cap [get_ports {flash_csb flash_clk flash_io0}] 
set_load -max $max_cap [get_ports {flash_csb flash_clk flash_io0}]  
set flash_in_delay 5
set flash_out_delay 5
puts "\[INFO\]: Flash interface delay: input $flash_in_delay output $flash_out_delay"
[INFO]: Flash interface delay: input 5 output 5
set_output_delay $flash_out_delay  -clock [get_clocks {clk}] [get_ports {flash_csb}]
set_output_delay $flash_out_delay  -clock [get_clocks {clk}] [get_ports {flash_clk}]
set_output_delay $flash_out_delay  -clock [get_clocks {clk}] [get_ports {flash_io0}]
set_input_delay $flash_in_delay    -clock [get_clocks {clk}] [get_ports {flash_io1}]
# mgmt_gpio_pad is set as input pad
set_case_analysis 1 [get_pins padframe/mgmt_gpio_pad/IE]
set_case_analysis 0 [get_pins padframe/mgmt_gpio_pad/OE]
set_input_transition -min $min_in_tran [get_ports {gpio}] 
set_input_transition -max $max_in_tran [get_ports {gpio}] 
set_input_delay $input_delay_value  -clock [get_clocks {clk}] [get_ports {gpio}]
## FALSE PATHS (ASYNCHRONOUS INPUTS)
set_false_path -from [get_ports resetb]
set_false_path -from [get_ports gpio]
# check ocv table (not provided) -- maybe try 8% 
set derate 0.0375
puts "\[INFO\]: Setting derate factor to: [expr $derate * 100] %"
[INFO]: Setting derate factor to: 3.75 %
set_timing_derate -early [expr 1-$derate]
set_timing_derate -late [expr 1+$derate]
exec> report_checks \
        -path_delay min \
        -through _60a6de0500000000_p_Instance \
        -format full_clock_expanded \
        -fields {slew cap input_pins nets fanout} \
        -no_line_splits \
        -group_count 1000 \
        -slack_max 40 \
        -digits 2 \
        -unique_paths_to_endpoint \
         >> /home/moss/eda_tools_gf180_audiopwm/caravel_user_project/signoff/caravel/openlane-signoff/timing/f-nom/mprj-min.rpt
exec> report_checks \
        -path_delay max \
        -through _60a6de0500000000_p_Instance \
        -format full_clock_expanded \
        -fields {slew cap input_pins nets fanout} \
        -no_line_splits \
        -group_count 1000 \
        -slack_max 40 \
        -digits 2 \
        -unique_paths_to_endpoint \
         >> /home/moss/eda_tools_gf180_audiopwm/caravel_user_project/signoff/caravel/openlane-signoff/timing/f-nom/mprj-max.rpt
exec> report_check_types \
        -max_slew \
        -max_capacitance \
        -recovery \
        -removal \
        -format end \
        -violators >> /home/moss/eda_tools_gf180_audiopwm/caravel_user_project/signoff/caravel/openlane-signoff/timing/f-nom/summary.log
exec> report_parasitic_annotation -report_unannotated > /home/moss/eda_tools_gf180_audiopwm/caravel_user_project/signoff/caravel/openlane-signoff/timing/f-nom/unannotated.log
Found 5076 unannotated drivers.
Found 940 partially unannotated drivers.
there are missing spefs. check the log for ALLOW_MISSING_SPEF
the following macros don't have spefs
caravel
chip_core/gpio_defaults_block_33
chip_core/gpio_defaults_block_34
chip_core/gpio_defaults_block_35
chip_core/gpio_defaults_block_36
chip_core/gpio_defaults_block_37
chip_core/user_id_value
chip_core/spare_logic[0]
chip_core/por_inst
chip_core/spare_logic[1]
chip_core/spare_logic[2]
chip_core/gpio_defaults_block_0
chip_core/gpio_defaults_block_1
chip_core/gpio_defaults_block_2
chip_core/gpio_defaults_block_3
chip_core/gpio_defaults_block_4
chip_core/spare_logic[3]
chip_core/gpio_defaults_block_5
chip_core/gpio_defaults_block_6
chip_core/gpio_defaults_block_7
chip_core/gpio_defaults_block_8
chip_core/gpio_defaults_block_10
chip_core/gpio_defaults_block_9
chip_core/gpio_defaults_block_11
chip_core/gpio_defaults_block_12
chip_core/gpio_defaults_block_13
chip_core/gpio_defaults_block_14
chip_core/gpio_defaults_block_15
chip_core/gpio_defaults_block_16
chip_core/gpio_defaults_block_17
chip_core/gpio_defaults_block_18
chip_core/gpio_defaults_block_19
chip_core/gpio_defaults_block_20
chip_core/gpio_defaults_block_21
chip_core/gpio_defaults_block_22
chip_core/gpio_defaults_block_23
padframe
chip_core/gpio_defaults_block_24
chip_core/gpio_defaults_block_25
chip_core/gpio_defaults_block_26
chip_core/gpio_defaults_block_27
chip_core/gpio_defaults_block_28
chip_core/gpio_defaults_block_29
chip_core/gpio_defaults_block_30
chip_core/gpio_defaults_block_31
chip_core/gpio_defaults_block_32
you may want to edit sdc: /home/moss/eda_tools_gf180_audiopwm/caravel_user_project/caravel/signoff/caravel/caravel.sdc to change i/o constraints
check /home/moss/eda_tools_gf180_audiopwm/caravel_user_project/signoff/caravel/openlane-signoff/timing/f-nom
